mode: set
github.com/kenji-yamane/mgr8/domain/driver_mock.go:25.57,29.2 3 0
github.com/kenji-yamane/mgr8/domain/driver_mock.go:32.55,34.2 1 0
github.com/kenji-yamane/mgr8/domain/driver_mock.go:37.59,42.2 4 0
github.com/kenji-yamane/mgr8/domain/driver_mock.go:45.79,48.2 2 0
github.com/kenji-yamane/mgr8/domain/driver_mock.go:51.56,56.2 4 0
github.com/kenji-yamane/mgr8/domain/driver_mock.go:59.76,62.2 2 0
github.com/kenji-yamane/mgr8/domain/driver_mock.go:65.42,70.2 4 0
github.com/kenji-yamane/mgr8/domain/driver_mock.go:73.59,76.2 2 0
github.com/kenji-yamane/mgr8/domain/driver_mock.go:79.57,84.2 4 0
github.com/kenji-yamane/mgr8/domain/driver_mock.go:87.77,90.2 2 0
github.com/kenji-yamane/mgr8/domain/driver_mock.go:93.54,98.2 4 0
github.com/kenji-yamane/mgr8/domain/driver_mock.go:101.74,104.2 2 0
github.com/kenji-yamane/mgr8/domain/driver_mock.go:107.57,112.2 4 0
github.com/kenji-yamane/mgr8/domain/driver_mock.go:115.80,118.2 2 0
github.com/kenji-yamane/mgr8/domain/driver_mock.go:121.75,126.2 4 0
github.com/kenji-yamane/mgr8/domain/driver_mock.go:129.87,132.2 2 0
github.com/kenji-yamane/mgr8/domain/driver_mock.go:135.63,141.2 5 0
github.com/kenji-yamane/mgr8/domain/driver_mock.go:144.76,147.2 2 0
github.com/kenji-yamane/mgr8/domain/driver_mock.go:150.69,156.2 5 0
github.com/kenji-yamane/mgr8/domain/driver_mock.go:159.87,162.2 2 0
github.com/kenji-yamane/mgr8/domain/driver_mock.go:165.64,171.2 5 0
github.com/kenji-yamane/mgr8/domain/driver_mock.go:174.76,177.2 2 0
github.com/kenji-yamane/mgr8/domain/driver_mock.go:180.60,186.2 5 0
github.com/kenji-yamane/mgr8/domain/driver_mock.go:189.72,192.2 2 0
github.com/kenji-yamane/mgr8/domain/driver_mock.go:195.105,200.2 4 0
github.com/kenji-yamane/mgr8/domain/driver_mock.go:203.126,206.2 2 0
github.com/kenji-yamane/mgr8/domain/driver_mock.go:209.114,214.2 4 0
github.com/kenji-yamane/mgr8/domain/driver_mock.go:217.135,220.2 2 0
github.com/kenji-yamane/mgr8/domain/driver_mock.go:223.42,228.2 4 0
github.com/kenji-yamane/mgr8/domain/driver_mock.go:231.62,234.2 2 0
github.com/kenji-yamane/mgr8/domain/driver_mock.go:237.54,243.2 5 0
github.com/kenji-yamane/mgr8/domain/driver_mock.go:246.66,249.2 2 0
github.com/kenji-yamane/mgr8/domain/driver_mock.go:252.73,258.2 5 0
github.com/kenji-yamane/mgr8/domain/driver_mock.go:261.87,264.2 2 0
github.com/kenji-yamane/mgr8/domain/driver_mock.go:267.64,272.2 4 0
github.com/kenji-yamane/mgr8/domain/driver_mock.go:275.92,278.2 2 0
github.com/kenji-yamane/mgr8/domain/driver_mock.go:281.44,286.2 4 0
github.com/kenji-yamane/mgr8/domain/driver_mock.go:289.64,292.2 2 0
github.com/kenji-yamane/mgr8/domain/driver_mock.go:306.61,310.2 3 1
github.com/kenji-yamane/mgr8/domain/driver_mock.go:313.59,315.2 1 1
github.com/kenji-yamane/mgr8/domain/driver_mock.go:318.43,323.2 4 0
github.com/kenji-yamane/mgr8/domain/driver_mock.go:326.62,329.2 2 0
github.com/kenji-yamane/mgr8/domain/driver_mock.go:332.57,337.2 4 1
github.com/kenji-yamane/mgr8/domain/driver_mock.go:340.81,343.2 2 1
github.com/kenji-yamane/mgr8/domain/driver_mock.go:346.72,351.2 4 0
github.com/kenji-yamane/mgr8/domain/driver_mock.go:354.96,357.2 2 0
github.com/kenji-yamane/mgr8/domain/driver_mock.go:360.59,365.2 4 1
github.com/kenji-yamane/mgr8/domain/driver_mock.go:368.83,371.2 2 1
github.com/kenji-yamane/mgr8/domain/driver_mock.go:374.79,379.2 4 0
github.com/kenji-yamane/mgr8/domain/driver_mock.go:382.103,385.2 2 0
github.com/kenji-yamane/mgr8/domain/driver_mock.go:388.81,393.2 4 0
github.com/kenji-yamane/mgr8/domain/driver_mock.go:396.105,399.2 2 0
github.com/kenji-yamane/mgr8/domain/schema.go:13.63,15.2 1 1
github.com/kenji-yamane/mgr8/domain/table_diff.go:7.56,9.2 1 1
github.com/kenji-yamane/mgr8/domain/table_diff.go:11.55,13.2 1 1
github.com/kenji-yamane/mgr8/domain/table_diff.go:15.57,17.2 1 1
github.com/kenji-yamane/mgr8/domain/table_diff.go:23.52,25.2 1 1
github.com/kenji-yamane/mgr8/domain/table_diff.go:27.53,29.2 1 1
github.com/kenji-yamane/mgr8/domain/table_diff.go:31.55,33.2 1 1
github.com/kenji-yamane/mgr8/domain/column_diff.go:9.78,11.2 1 1
github.com/kenji-yamane/mgr8/domain/column_diff.go:13.56,15.2 1 0
github.com/kenji-yamane/mgr8/domain/column_diff.go:17.58,19.2 1 0
github.com/kenji-yamane/mgr8/domain/column_diff.go:26.77,28.2 1 1
github.com/kenji-yamane/mgr8/domain/column_diff.go:30.54,32.2 1 0
github.com/kenji-yamane/mgr8/domain/column_diff.go:34.56,36.2 1 0
github.com/kenji-yamane/mgr8/domain/column_diff.go:43.91,45.2 1 1
github.com/kenji-yamane/mgr8/domain/column_diff.go:47.62,49.2 1 0
github.com/kenji-yamane/mgr8/domain/column_diff.go:51.64,53.2 1 0
github.com/kenji-yamane/mgr8/domain/column_diff.go:60.95,62.2 1 1
github.com/kenji-yamane/mgr8/domain/column_diff.go:64.64,66.2 1 0
github.com/kenji-yamane/mgr8/domain/column_diff.go:68.66,70.2 1 0
github.com/kenji-yamane/mgr8/domain/diff.go:8.54,11.41 2 1
github.com/kenji-yamane/mgr8/domain/diff.go:20.2,20.54 1 1
github.com/kenji-yamane/mgr8/domain/diff.go:26.2,26.19 1 1
github.com/kenji-yamane/mgr8/domain/diff.go:11.41,13.24 2 1
github.com/kenji-yamane/mgr8/domain/diff.go:13.24,15.4 1 1
github.com/kenji-yamane/mgr8/domain/diff.go:15.9,17.4 1 1
github.com/kenji-yamane/mgr8/domain/diff.go:20.54,21.40 1 1
github.com/kenji-yamane/mgr8/domain/diff.go:21.40,23.4 1 1
github.com/kenji-yamane/mgr8/domain/diff.go:29.51,32.44 2 1
github.com/kenji-yamane/mgr8/domain/diff.go:41.2,41.48 1 1
github.com/kenji-yamane/mgr8/domain/diff.go:47.2,47.19 1 1
github.com/kenji-yamane/mgr8/domain/diff.go:32.44,34.25 2 1
github.com/kenji-yamane/mgr8/domain/diff.go:34.25,36.4 1 1
github.com/kenji-yamane/mgr8/domain/diff.go:36.9,38.4 1 1
github.com/kenji-yamane/mgr8/domain/diff.go:41.48,42.42 1 1
github.com/kenji-yamane/mgr8/domain/diff.go:42.42,44.4 1 1
github.com/kenji-yamane/mgr8/domain/diff.go:50.87,53.50 3 1
github.com/kenji-yamane/mgr8/domain/diff.go:60.2,60.19 1 1
github.com/kenji-yamane/mgr8/domain/diff.go:53.50,54.23 1 1
github.com/kenji-yamane/mgr8/domain/diff.go:54.23,56.4 1 1
github.com/kenji-yamane/mgr8/domain/diff.go:56.9,58.4 1 1
github.com/kenji-yamane/mgr8/drivers/mysql/deparser.go:11.60,14.2 1 0
github.com/kenji-yamane/mgr8/drivers/mysql/deparser.go:16.55,18.2 1 0
github.com/kenji-yamane/mgr8/drivers/mysql/deparser.go:20.39,23.2 1 0
github.com/kenji-yamane/mgr8/drivers/mysql/deparser.go:25.68,27.2 1 0
github.com/kenji-yamane/mgr8/drivers/mysql/deparser.go:28.75,30.2 1 0
github.com/kenji-yamane/mgr8/drivers/mysql/deparser.go:32.77,34.2 1 0
github.com/kenji-yamane/mgr8/drivers/mysql/parser.go:24.36,26.2 1 1
github.com/kenji-yamane/mgr8/drivers/mysql/parser.go:28.50,30.2 1 0
github.com/kenji-yamane/mgr8/drivers/mysql/parser.go:32.58,33.34 1 0
github.com/kenji-yamane/mgr8/drivers/mysql/parser.go:43.2,43.12 1 0
github.com/kenji-yamane/mgr8/drivers/mysql/parser.go:33.34,35.17 2 0
github.com/kenji-yamane/mgr8/drivers/mysql/parser.go:35.17,37.19 2 0
github.com/kenji-yamane/mgr8/drivers/mysql/parser.go:40.4,40.14 1 0
github.com/kenji-yamane/mgr8/drivers/mysql/parser.go:37.19,39.5 1 0
github.com/kenji-yamane/mgr8/drivers/mysql/parser.go:46.76,48.16 2 0
github.com/kenji-yamane/mgr8/drivers/mysql/parser.go:52.2,53.16 2 0
github.com/kenji-yamane/mgr8/drivers/mysql/parser.go:57.2,60.16 3 0
github.com/kenji-yamane/mgr8/drivers/mysql/parser.go:68.2,68.22 1 0
github.com/kenji-yamane/mgr8/drivers/mysql/parser.go:48.16,50.3 1 0
github.com/kenji-yamane/mgr8/drivers/mysql/parser.go:53.16,55.3 1 0
github.com/kenji-yamane/mgr8/drivers/mysql/parser.go:60.16,62.18 2 0
github.com/kenji-yamane/mgr8/drivers/mysql/parser.go:65.3,65.13 1 0
github.com/kenji-yamane/mgr8/drivers/mysql/parser.go:62.18,64.4 1 0
github.com/kenji-yamane/mgr8/drivers/mysql/parser.go:71.55,73.16 2 0
github.com/kenji-yamane/mgr8/drivers/mysql/parser.go:76.2,77.16 2 0
github.com/kenji-yamane/mgr8/drivers/mysql/parser.go:80.2,80.56 1 0
github.com/kenji-yamane/mgr8/drivers/mysql/parser.go:83.2,83.64 1 0
github.com/kenji-yamane/mgr8/drivers/mysql/parser.go:73.16,75.3 1 0
github.com/kenji-yamane/mgr8/drivers/mysql/parser.go:77.16,79.3 1 0
github.com/kenji-yamane/mgr8/drivers/mysql/parser.go:80.56,82.3 1 0
github.com/kenji-yamane/mgr8/drivers/mysql/parser.go:86.43,88.16 2 0
github.com/kenji-yamane/mgr8/drivers/mysql/parser.go:91.2,92.16 2 0
github.com/kenji-yamane/mgr8/drivers/mysql/parser.go:95.2,95.12 1 0
github.com/kenji-yamane/mgr8/drivers/mysql/parser.go:88.16,90.3 1 0
github.com/kenji-yamane/mgr8/drivers/mysql/parser.go:92.16,94.3 1 0
github.com/kenji-yamane/mgr8/drivers/mysql/parser.go:98.45,100.16 2 0
github.com/kenji-yamane/mgr8/drivers/mysql/parser.go:103.2,104.12 2 0
github.com/kenji-yamane/mgr8/drivers/mysql/parser.go:100.16,102.3 1 0
github.com/kenji-yamane/mgr8/drivers/mysql/parser.go:107.61,113.16 3 0
github.com/kenji-yamane/mgr8/drivers/mysql/parser.go:116.2,116.35 1 0
github.com/kenji-yamane/mgr8/drivers/mysql/parser.go:113.16,115.3 1 0
github.com/kenji-yamane/mgr8/drivers/mysql/parser.go:119.65,125.16 3 0
github.com/kenji-yamane/mgr8/drivers/mysql/parser.go:128.2,128.39 1 0
github.com/kenji-yamane/mgr8/drivers/mysql/parser.go:125.16,127.3 1 0
github.com/kenji-yamane/mgr8/drivers/mysql/parser.go:131.57,138.16 2 0
github.com/kenji-yamane/mgr8/drivers/mysql/parser.go:141.2,141.12 1 0
github.com/kenji-yamane/mgr8/drivers/mysql/parser.go:138.16,140.3 1 0
github.com/kenji-yamane/mgr8/drivers/mysql/parser.go:144.60,151.16 2 0
github.com/kenji-yamane/mgr8/drivers/mysql/parser.go:154.2,154.12 1 0
github.com/kenji-yamane/mgr8/drivers/mysql/parser.go:151.16,153.3 1 0
github.com/kenji-yamane/mgr8/drivers/mysql/parser.go:157.55,159.16 2 0
github.com/kenji-yamane/mgr8/drivers/mysql/parser.go:162.2,162.12 1 0
github.com/kenji-yamane/mgr8/drivers/mysql/parser.go:159.16,161.3 1 0
github.com/kenji-yamane/mgr8/drivers/mysql/parser.go:165.58,167.16 2 0
github.com/kenji-yamane/mgr8/drivers/mysql/parser.go:170.2,170.12 1 0
github.com/kenji-yamane/mgr8/drivers/mysql/parser.go:167.16,169.3 1 0
github.com/kenji-yamane/mgr8/drivers/mysql/parser.go:173.129,181.2 2 0
github.com/kenji-yamane/mgr8/drivers/mysql/parser.go:183.120,191.2 2 0
github.com/kenji-yamane/mgr8/drivers/mysql/parser.go:193.65,196.2 2 0
github.com/kenji-yamane/mgr8/drivers/mysql/parser.go:198.64,201.16 3 0
github.com/kenji-yamane/mgr8/drivers/mysql/parser.go:207.2,207.21 1 0
github.com/kenji-yamane/mgr8/drivers/mysql/parser.go:201.16,202.27 1 0
github.com/kenji-yamane/mgr8/drivers/mysql/parser.go:205.3,205.16 1 0
github.com/kenji-yamane/mgr8/drivers/mysql/parser.go:202.27,204.4 1 0
github.com/kenji-yamane/mgr8/drivers/mysql/parser.go:210.70,213.16 3 0
github.com/kenji-yamane/mgr8/drivers/mysql/parser.go:216.2,216.18 1 0
github.com/kenji-yamane/mgr8/drivers/mysql/parser.go:213.16,215.3 1 0
github.com/kenji-yamane/mgr8/drivers/mysql/parser.go:229.57,230.19 1 1
github.com/kenji-yamane/mgr8/drivers/mysql/parser.go:238.2,238.18 1 1
github.com/kenji-yamane/mgr8/drivers/mysql/parser.go:231.28,233.88 2 1
github.com/kenji-yamane/mgr8/drivers/mysql/parser.go:234.27,236.64 2 1
github.com/kenji-yamane/mgr8/drivers/mysql/parser.go:241.91,244.30 2 1
github.com/kenji-yamane/mgr8/drivers/mysql/parser.go:247.2,250.3 1 1
github.com/kenji-yamane/mgr8/drivers/mysql/parser.go:244.30,246.3 1 1
github.com/kenji-yamane/mgr8/drivers/mysql/parser.go:253.70,258.2 1 1
github.com/kenji-yamane/mgr8/drivers/mysql/parser.go:260.68,264.29 3 1
github.com/kenji-yamane/mgr8/drivers/mysql/parser.go:268.2,269.34 2 1
github.com/kenji-yamane/mgr8/drivers/mysql/parser.go:275.2,279.3 1 1
github.com/kenji-yamane/mgr8/drivers/mysql/parser.go:264.29,266.3 1 1
github.com/kenji-yamane/mgr8/drivers/mysql/parser.go:269.34,270.40 1 1
github.com/kenji-yamane/mgr8/drivers/mysql/parser.go:270.40,272.4 1 0
github.com/kenji-yamane/mgr8/drivers/mysql/parser.go:282.57,284.2 1 1
github.com/kenji-yamane/mgr8/drivers/mysql/parser.go:286.81,289.16 3 1
github.com/kenji-yamane/mgr8/drivers/mysql/parser.go:293.2,297.30 2 1
github.com/kenji-yamane/mgr8/drivers/mysql/parser.go:300.2,303.8 1 1
github.com/kenji-yamane/mgr8/drivers/mysql/parser.go:289.16,291.3 1 0
github.com/kenji-yamane/mgr8/drivers/mysql/parser.go:297.30,299.3 1 1
github.com/kenji-yamane/mgr8/drivers/postgres/deparser.go:12.60,14.31 2 1
github.com/kenji-yamane/mgr8/drivers/postgres/deparser.go:19.2,19.13 1 1
github.com/kenji-yamane/mgr8/drivers/postgres/deparser.go:14.31,15.18 1 1
github.com/kenji-yamane/mgr8/drivers/postgres/deparser.go:15.18,17.4 1 1
github.com/kenji-yamane/mgr8/drivers/postgres/deparser.go:22.41,24.44 2 1
github.com/kenji-yamane/mgr8/drivers/postgres/deparser.go:24.44,26.3 1 1
github.com/kenji-yamane/mgr8/drivers/postgres/deparser.go:26.8,28.3 1 1
github.com/kenji-yamane/mgr8/drivers/postgres/deparser.go:31.41,33.44 2 1
github.com/kenji-yamane/mgr8/drivers/postgres/deparser.go:33.44,35.3 1 1
github.com/kenji-yamane/mgr8/drivers/postgres/deparser.go:35.8,37.3 1 1
github.com/kenji-yamane/mgr8/drivers/postgres/deparser.go:40.60,44.43 3 1
github.com/kenji-yamane/mgr8/drivers/postgres/deparser.go:47.2,49.33 2 1
github.com/kenji-yamane/mgr8/drivers/postgres/deparser.go:67.2,69.18 3 1
github.com/kenji-yamane/mgr8/drivers/postgres/deparser.go:44.43,46.3 1 1
github.com/kenji-yamane/mgr8/drivers/postgres/deparser.go:49.33,54.36 3 1
github.com/kenji-yamane/mgr8/drivers/postgres/deparser.go:60.3,60.23 1 1
github.com/kenji-yamane/mgr8/drivers/postgres/deparser.go:64.3,64.45 1 1
github.com/kenji-yamane/mgr8/drivers/postgres/deparser.go:54.36,56.4 1 1
github.com/kenji-yamane/mgr8/drivers/postgres/deparser.go:56.9,56.43 1 1
github.com/kenji-yamane/mgr8/drivers/postgres/deparser.go:56.43,58.4 1 1
github.com/kenji-yamane/mgr8/drivers/postgres/deparser.go:60.23,62.4 1 0
github.com/kenji-yamane/mgr8/drivers/postgres/deparser.go:72.55,74.2 1 0
github.com/kenji-yamane/mgr8/drivers/postgres/deparser.go:76.39,79.2 1 0
github.com/kenji-yamane/mgr8/drivers/postgres/deparser.go:81.68,83.2 1 0
github.com/kenji-yamane/mgr8/drivers/postgres/deparser.go:84.75,86.2 1 0
github.com/kenji-yamane/mgr8/drivers/postgres/deparser.go:88.77,90.2 1 0
github.com/kenji-yamane/mgr8/drivers/postgres/parser.go:21.42,23.2 1 1
github.com/kenji-yamane/mgr8/drivers/postgres/parser.go:25.53,27.2 1 0
github.com/kenji-yamane/mgr8/drivers/postgres/parser.go:29.61,30.34 1 0
github.com/kenji-yamane/mgr8/drivers/postgres/parser.go:40.2,40.12 1 0
github.com/kenji-yamane/mgr8/drivers/postgres/parser.go:30.34,32.17 2 0
github.com/kenji-yamane/mgr8/drivers/postgres/parser.go:32.17,34.19 2 0
github.com/kenji-yamane/mgr8/drivers/postgres/parser.go:37.4,37.14 1 0
github.com/kenji-yamane/mgr8/drivers/postgres/parser.go:34.19,36.5 1 0
github.com/kenji-yamane/mgr8/drivers/postgres/parser.go:43.79,45.16 2 0
github.com/kenji-yamane/mgr8/drivers/postgres/parser.go:49.2,50.16 2 0
github.com/kenji-yamane/mgr8/drivers/postgres/parser.go:54.2,57.16 3 0
github.com/kenji-yamane/mgr8/drivers/postgres/parser.go:65.2,65.22 1 0
github.com/kenji-yamane/mgr8/drivers/postgres/parser.go:45.16,47.3 1 0
github.com/kenji-yamane/mgr8/drivers/postgres/parser.go:50.16,52.3 1 0
github.com/kenji-yamane/mgr8/drivers/postgres/parser.go:57.16,59.18 2 0
github.com/kenji-yamane/mgr8/drivers/postgres/parser.go:62.3,62.13 1 0
github.com/kenji-yamane/mgr8/drivers/postgres/parser.go:59.18,61.4 1 0
github.com/kenji-yamane/mgr8/drivers/postgres/parser.go:68.58,70.16 2 0
github.com/kenji-yamane/mgr8/drivers/postgres/parser.go:73.2,74.16 2 0
github.com/kenji-yamane/mgr8/drivers/postgres/parser.go:77.2,77.56 1 0
github.com/kenji-yamane/mgr8/drivers/postgres/parser.go:80.2,80.64 1 0
github.com/kenji-yamane/mgr8/drivers/postgres/parser.go:70.16,72.3 1 0
github.com/kenji-yamane/mgr8/drivers/postgres/parser.go:74.16,76.3 1 0
github.com/kenji-yamane/mgr8/drivers/postgres/parser.go:77.56,79.3 1 0
github.com/kenji-yamane/mgr8/drivers/postgres/parser.go:83.46,85.16 2 0
github.com/kenji-yamane/mgr8/drivers/postgres/parser.go:88.2,89.16 2 0
github.com/kenji-yamane/mgr8/drivers/postgres/parser.go:92.2,92.12 1 0
github.com/kenji-yamane/mgr8/drivers/postgres/parser.go:85.16,87.3 1 0
github.com/kenji-yamane/mgr8/drivers/postgres/parser.go:89.16,91.3 1 0
github.com/kenji-yamane/mgr8/drivers/postgres/parser.go:95.48,97.16 2 0
github.com/kenji-yamane/mgr8/drivers/postgres/parser.go:100.2,101.12 2 0
github.com/kenji-yamane/mgr8/drivers/postgres/parser.go:97.16,99.3 1 0
github.com/kenji-yamane/mgr8/drivers/postgres/parser.go:104.64,110.16 3 0
github.com/kenji-yamane/mgr8/drivers/postgres/parser.go:113.2,113.35 1 0
github.com/kenji-yamane/mgr8/drivers/postgres/parser.go:110.16,112.3 1 0
github.com/kenji-yamane/mgr8/drivers/postgres/parser.go:116.68,122.16 3 0
github.com/kenji-yamane/mgr8/drivers/postgres/parser.go:125.2,125.39 1 0
github.com/kenji-yamane/mgr8/drivers/postgres/parser.go:122.16,124.3 1 0
github.com/kenji-yamane/mgr8/drivers/postgres/parser.go:128.60,135.16 2 0
github.com/kenji-yamane/mgr8/drivers/postgres/parser.go:138.2,138.12 1 0
github.com/kenji-yamane/mgr8/drivers/postgres/parser.go:135.16,137.3 1 0
github.com/kenji-yamane/mgr8/drivers/postgres/parser.go:141.63,148.16 2 0
github.com/kenji-yamane/mgr8/drivers/postgres/parser.go:151.2,151.12 1 0
github.com/kenji-yamane/mgr8/drivers/postgres/parser.go:148.16,150.3 1 0
github.com/kenji-yamane/mgr8/drivers/postgres/parser.go:154.58,156.16 2 0
github.com/kenji-yamane/mgr8/drivers/postgres/parser.go:159.2,159.12 1 0
github.com/kenji-yamane/mgr8/drivers/postgres/parser.go:156.16,158.3 1 0
github.com/kenji-yamane/mgr8/drivers/postgres/parser.go:162.61,164.16 2 0
github.com/kenji-yamane/mgr8/drivers/postgres/parser.go:167.2,167.12 1 0
github.com/kenji-yamane/mgr8/drivers/postgres/parser.go:164.16,166.3 1 0
github.com/kenji-yamane/mgr8/drivers/postgres/parser.go:170.132,178.2 2 0
github.com/kenji-yamane/mgr8/drivers/postgres/parser.go:180.123,188.2 2 0
github.com/kenji-yamane/mgr8/drivers/postgres/parser.go:190.68,193.2 2 0
github.com/kenji-yamane/mgr8/drivers/postgres/parser.go:195.67,198.16 3 0
github.com/kenji-yamane/mgr8/drivers/postgres/parser.go:204.2,204.21 1 0
github.com/kenji-yamane/mgr8/drivers/postgres/parser.go:198.16,199.27 1 0
github.com/kenji-yamane/mgr8/drivers/postgres/parser.go:202.3,202.16 1 0
github.com/kenji-yamane/mgr8/drivers/postgres/parser.go:199.27,201.4 1 0
github.com/kenji-yamane/mgr8/drivers/postgres/parser.go:207.73,210.16 3 0
github.com/kenji-yamane/mgr8/drivers/postgres/parser.go:213.2,213.18 1 0
github.com/kenji-yamane/mgr8/drivers/postgres/parser.go:210.16,212.3 1 0
github.com/kenji-yamane/mgr8/drivers/postgres/parser.go:216.84,218.16 2 1
github.com/kenji-yamane/mgr8/drivers/postgres/parser.go:222.2,224.41 3 1
github.com/kenji-yamane/mgr8/drivers/postgres/parser.go:239.2,242.8 1 1
github.com/kenji-yamane/mgr8/drivers/postgres/parser.go:218.16,220.3 1 0
github.com/kenji-yamane/mgr8/drivers/postgres/parser.go:224.41,225.37 1 1
github.com/kenji-yamane/mgr8/drivers/postgres/parser.go:226.34,229.64 3 1
github.com/kenji-yamane/mgr8/drivers/postgres/parser.go:230.32,233.50 3 1
github.com/kenji-yamane/mgr8/drivers/postgres/parser.go:234.11,235.90 1 0
github.com/kenji-yamane/mgr8/drivers/postgres/parser.go:245.107,247.49 2 1
github.com/kenji-yamane/mgr8/drivers/postgres/parser.go:251.2,254.3 1 1
github.com/kenji-yamane/mgr8/drivers/postgres/parser.go:247.49,250.3 2 1
github.com/kenji-yamane/mgr8/drivers/postgres/parser.go:257.85,262.2 1 1
github.com/kenji-yamane/mgr8/drivers/postgres/parser.go:264.91,268.27 3 1
github.com/kenji-yamane/mgr8/drivers/postgres/parser.go:272.2,276.3 1 1
github.com/kenji-yamane/mgr8/drivers/postgres/parser.go:268.27,270.3 1 1
